<?xml version="1.0" encoding="UTF-8"?>
<testsuite xmlns:xsi="http://www.w3.org/2001/XMLSchema-instance" xsi:noNamespaceSchemaLocation="https://maven.apache.org/surefire/maven-surefire-plugin/xsd/surefire-test-report.xsd" name="com.lizhen.AppTest" time="0.057" tests="1" errors="0" skipped="0" failures="0">
  <properties>
    <property name="sun.desktop" value="windows"/>
    <property name="awt.toolkit" value="sun.awt.windows.WToolkit"/>
    <property name="file.encoding.pkg" value="sun.io"/>
    <property name="java.specification.version" value="1.8"/>
    <property name="sun.cpu.isalist" value="amd64"/>
    <property name="sun.jnu.encoding" value="GBK"/>
    <property name="java.class.path" value="C:\CODE\activitiparent\activiti-bo\target\test-classes;C:\CODE\activitiparent\activiti-bo\target\classes;E:\maven_respon\junit\junit\4.11\junit-4.11.jar;E:\maven_respon\org\hamcrest\hamcrest-core\1.3\hamcrest-core-1.3.jar;E:\maven_respon\org\activiti\activiti-spring-boot-starter-basic\6.0.0\activiti-spring-boot-starter-basic-6.0.0.jar;E:\maven_respon\org\activiti\activiti-engine\6.0.0\activiti-engine-6.0.0.jar;E:\maven_respon\org\activiti\activiti-bpmn-converter\6.0.0\activiti-bpmn-converter-6.0.0.jar;E:\maven_respon\org\activiti\activiti-bpmn-model\6.0.0\activiti-bpmn-model-6.0.0.jar;E:\maven_respon\org\activiti\activiti-process-validation\6.0.0\activiti-process-validation-6.0.0.jar;E:\maven_respon\org\activiti\activiti-image-generator\6.0.0\activiti-image-generator-6.0.0.jar;E:\maven_respon\org\activiti\activiti-dmn-api\6.0.0\activiti-dmn-api-6.0.0.jar;E:\maven_respon\org\activiti\activiti-dmn-model\6.0.0\activiti-dmn-model-6.0.0.jar;E:\maven_respon\org\activiti\activiti-form-model\6.0.0\activiti-form-model-6.0.0.jar;E:\maven_respon\com\fasterxml\jackson\core\jackson-core\2.8.11\jackson-core-2.8.11.jar;E:\maven_respon\com\fasterxml\jackson\core\jackson-databind\2.8.11.3\jackson-databind-2.8.11.3.jar;E:\maven_respon\com\fasterxml\jackson\core\jackson-annotations\2.8.0\jackson-annotations-2.8.0.jar;E:\maven_respon\org\activiti\activiti-form-api\6.0.0\activiti-form-api-6.0.0.jar;E:\maven_respon\org\apache\commons\commons-email\1.4\commons-email-1.4.jar;E:\maven_respon\com\sun\mail\javax.mail\1.5.6\javax.mail-1.5.6.jar;E:\maven_respon\javax\activation\activation\1.1.1\activation-1.1.1.jar;E:\maven_respon\org\apache\commons\commons-lang3\3.3.2\commons-lang3-3.3.2.jar;E:\maven_respon\org\mybatis\mybatis\3.4.2\mybatis-3.4.2.jar;E:\maven_respon\org\springframework\spring-beans\4.3.22.RELEASE\spring-beans-4.3.22.RELEASE.jar;E:\maven_respon\de\odysseus\juel\juel-api\2.2.7\juel-api-2.2.7.jar;E:\maven_respon\de\odysseus\juel\juel-impl\2.2.7\juel-impl-2.2.7.jar;E:\maven_respon\de\odysseus\juel\juel-spi\2.2.7\juel-spi-2.2.7.jar;E:\maven_respon\joda-time\joda-time\2.9.9\joda-time-2.9.9.jar;E:\maven_respon\org\slf4j\slf4j-api\1.7.25\slf4j-api-1.7.25.jar;E:\maven_respon\org\slf4j\jcl-over-slf4j\1.7.25\jcl-over-slf4j-1.7.25.jar;E:\maven_respon\org\activiti\activiti-spring\6.0.0\activiti-spring-6.0.0.jar;E:\maven_respon\org\springframework\spring-context\4.3.22.RELEASE\spring-context-4.3.22.RELEASE.jar;E:\maven_respon\org\springframework\spring-aop\4.3.22.RELEASE\spring-aop-4.3.22.RELEASE.jar;E:\maven_respon\org\springframework\spring-expression\4.3.22.RELEASE\spring-expression-4.3.22.RELEASE.jar;E:\maven_respon\org\springframework\spring-jdbc\4.3.22.RELEASE\spring-jdbc-4.3.22.RELEASE.jar;E:\maven_respon\org\springframework\spring-tx\4.3.22.RELEASE\spring-tx-4.3.22.RELEASE.jar;E:\maven_respon\org\springframework\spring-orm\4.3.22.RELEASE\spring-orm-4.3.22.RELEASE.jar;E:\maven_respon\commons-dbcp\commons-dbcp\1.4\commons-dbcp-1.4.jar;E:\maven_respon\commons-pool\commons-pool\1.6\commons-pool-1.6.jar;E:\maven_respon\org\springframework\boot\spring-boot-starter-jdbc\1.5.19.RELEASE\spring-boot-starter-jdbc-1.5.19.RELEASE.jar;E:\maven_respon\org\apache\tomcat\tomcat-jdbc\8.5.37\tomcat-jdbc-8.5.37.jar;E:\maven_respon\org\apache\tomcat\tomcat-juli\8.5.37\tomcat-juli-8.5.37.jar;E:\maven_respon\org\springframework\boot\spring-boot-starter\1.5.19.RELEASE\spring-boot-starter-1.5.19.RELEASE.jar;E:\maven_respon\org\springframework\boot\spring-boot\1.5.19.RELEASE\spring-boot-1.5.19.RELEASE.jar;E:\maven_respon\org\springframework\boot\spring-boot-autoconfigure\1.5.19.RELEASE\spring-boot-autoconfigure-1.5.19.RELEASE.jar;E:\maven_respon\org\springframework\boot\spring-boot-starter-logging\1.5.19.RELEASE\spring-boot-starter-logging-1.5.19.RELEASE.jar;E:\maven_respon\ch\qos\logback\logback-classic\1.1.11\logback-classic-1.1.11.jar;E:\maven_respon\ch\qos\logback\logback-core\1.1.11\logback-core-1.1.11.jar;E:\maven_respon\org\slf4j\jul-to-slf4j\1.7.25\jul-to-slf4j-1.7.25.jar;E:\maven_respon\org\slf4j\log4j-over-slf4j\1.7.25\log4j-over-slf4j-1.7.25.jar;E:\maven_respon\org\springframework\spring-core\4.3.22.RELEASE\spring-core-4.3.22.RELEASE.jar;E:\maven_respon\org\yaml\snakeyaml\1.17\snakeyaml-1.17.jar;E:\maven_respon\org\springframework\boot\spring-boot-starter-test\1.5.19.RELEASE\spring-boot-starter-test-1.5.19.RELEASE.jar;E:\maven_respon\org\springframework\boot\spring-boot-test\1.5.19.RELEASE\spring-boot-test-1.5.19.RELEASE.jar;E:\maven_respon\org\springframework\boot\spring-boot-test-autoconfigure\1.5.19.RELEASE\spring-boot-test-autoconfigure-1.5.19.RELEASE.jar;E:\maven_respon\com\jayway\jsonpath\json-path\2.2.0\json-path-2.2.0.jar;E:\maven_respon\net\minidev\json-smart\2.2.1\json-smart-2.2.1.jar;E:\maven_respon\net\minidev\accessors-smart\1.1\accessors-smart-1.1.jar;E:\maven_respon\org\ow2\asm\asm\5.0.3\asm-5.0.3.jar;E:\maven_respon\org\assertj\assertj-core\2.6.0\assertj-core-2.6.0.jar;E:\maven_respon\org\mockito\mockito-core\1.10.19\mockito-core-1.10.19.jar;E:\maven_respon\org\objenesis\objenesis\2.1\objenesis-2.1.jar;E:\maven_respon\org\hamcrest\hamcrest-library\1.3\hamcrest-library-1.3.jar;E:\maven_respon\org\skyscreamer\jsonassert\1.4.0\jsonassert-1.4.0.jar;E:\maven_respon\com\vaadin\external\google\android-json\0.0.20131108.vaadin1\android-json-0.0.20131108.vaadin1.jar;E:\maven_respon\org\springframework\spring-test\4.3.22.RELEASE\spring-test-4.3.22.RELEASE.jar;"/>
    <property name="java.vm.vendor" value="Oracle Corporation"/>
    <property name="sun.arch.data.model" value="64"/>
    <property name="user.variant" value=""/>
    <property name="java.vendor.url" value="http://java.oracle.com/"/>
    <property name="user.timezone" value="Asia/Shanghai"/>
    <property name="java.vm.specification.version" value="1.8"/>
    <property name="os.name" value="Windows 10"/>
    <property name="user.country" value="CN"/>
    <property name="sun.java.launcher" value="SUN_STANDARD"/>
    <property name="sun.boot.library.path" value="C:\Program Files\Java\jdk1.8.0_162\jre\bin"/>
    <property name="sun.java.command" value="C:\Users\xiaodell\AppData\Local\Temp\surefire3822095408441212027\surefirebooter3640862527648642875.jar C:\Users\xiaodell\AppData\Local\Temp\surefire3822095408441212027 2019-07-05T17-11-27_513-jvmRun1 surefire4105933834513341682tmp surefire_0501443508828314274tmp"/>
    <property name="surefire.test.class.path" value="C:\CODE\activitiparent\activiti-bo\target\test-classes;C:\CODE\activitiparent\activiti-bo\target\classes;E:\maven_respon\junit\junit\4.11\junit-4.11.jar;E:\maven_respon\org\hamcrest\hamcrest-core\1.3\hamcrest-core-1.3.jar;E:\maven_respon\org\activiti\activiti-spring-boot-starter-basic\6.0.0\activiti-spring-boot-starter-basic-6.0.0.jar;E:\maven_respon\org\activiti\activiti-engine\6.0.0\activiti-engine-6.0.0.jar;E:\maven_respon\org\activiti\activiti-bpmn-converter\6.0.0\activiti-bpmn-converter-6.0.0.jar;E:\maven_respon\org\activiti\activiti-bpmn-model\6.0.0\activiti-bpmn-model-6.0.0.jar;E:\maven_respon\org\activiti\activiti-process-validation\6.0.0\activiti-process-validation-6.0.0.jar;E:\maven_respon\org\activiti\activiti-image-generator\6.0.0\activiti-image-generator-6.0.0.jar;E:\maven_respon\org\activiti\activiti-dmn-api\6.0.0\activiti-dmn-api-6.0.0.jar;E:\maven_respon\org\activiti\activiti-dmn-model\6.0.0\activiti-dmn-model-6.0.0.jar;E:\maven_respon\org\activiti\activiti-form-model\6.0.0\activiti-form-model-6.0.0.jar;E:\maven_respon\com\fasterxml\jackson\core\jackson-core\2.8.11\jackson-core-2.8.11.jar;E:\maven_respon\com\fasterxml\jackson\core\jackson-databind\2.8.11.3\jackson-databind-2.8.11.3.jar;E:\maven_respon\com\fasterxml\jackson\core\jackson-annotations\2.8.0\jackson-annotations-2.8.0.jar;E:\maven_respon\org\activiti\activiti-form-api\6.0.0\activiti-form-api-6.0.0.jar;E:\maven_respon\org\apache\commons\commons-email\1.4\commons-email-1.4.jar;E:\maven_respon\com\sun\mail\javax.mail\1.5.6\javax.mail-1.5.6.jar;E:\maven_respon\javax\activation\activation\1.1.1\activation-1.1.1.jar;E:\maven_respon\org\apache\commons\commons-lang3\3.3.2\commons-lang3-3.3.2.jar;E:\maven_respon\org\mybatis\mybatis\3.4.2\mybatis-3.4.2.jar;E:\maven_respon\org\springframework\spring-beans\4.3.22.RELEASE\spring-beans-4.3.22.RELEASE.jar;E:\maven_respon\de\odysseus\juel\juel-api\2.2.7\juel-api-2.2.7.jar;E:\maven_respon\de\odysseus\juel\juel-impl\2.2.7\juel-impl-2.2.7.jar;E:\maven_respon\de\odysseus\juel\juel-spi\2.2.7\juel-spi-2.2.7.jar;E:\maven_respon\joda-time\joda-time\2.9.9\joda-time-2.9.9.jar;E:\maven_respon\org\slf4j\slf4j-api\1.7.25\slf4j-api-1.7.25.jar;E:\maven_respon\org\slf4j\jcl-over-slf4j\1.7.25\jcl-over-slf4j-1.7.25.jar;E:\maven_respon\org\activiti\activiti-spring\6.0.0\activiti-spring-6.0.0.jar;E:\maven_respon\org\springframework\spring-context\4.3.22.RELEASE\spring-context-4.3.22.RELEASE.jar;E:\maven_respon\org\springframework\spring-aop\4.3.22.RELEASE\spring-aop-4.3.22.RELEASE.jar;E:\maven_respon\org\springframework\spring-expression\4.3.22.RELEASE\spring-expression-4.3.22.RELEASE.jar;E:\maven_respon\org\springframework\spring-jdbc\4.3.22.RELEASE\spring-jdbc-4.3.22.RELEASE.jar;E:\maven_respon\org\springframework\spring-tx\4.3.22.RELEASE\spring-tx-4.3.22.RELEASE.jar;E:\maven_respon\org\springframework\spring-orm\4.3.22.RELEASE\spring-orm-4.3.22.RELEASE.jar;E:\maven_respon\commons-dbcp\commons-dbcp\1.4\commons-dbcp-1.4.jar;E:\maven_respon\commons-pool\commons-pool\1.6\commons-pool-1.6.jar;E:\maven_respon\org\springframework\boot\spring-boot-starter-jdbc\1.5.19.RELEASE\spring-boot-starter-jdbc-1.5.19.RELEASE.jar;E:\maven_respon\org\apache\tomcat\tomcat-jdbc\8.5.37\tomcat-jdbc-8.5.37.jar;E:\maven_respon\org\apache\tomcat\tomcat-juli\8.5.37\tomcat-juli-8.5.37.jar;E:\maven_respon\org\springframework\boot\spring-boot-starter\1.5.19.RELEASE\spring-boot-starter-1.5.19.RELEASE.jar;E:\maven_respon\org\springframework\boot\spring-boot\1.5.19.RELEASE\spring-boot-1.5.19.RELEASE.jar;E:\maven_respon\org\springframework\boot\spring-boot-autoconfigure\1.5.19.RELEASE\spring-boot-autoconfigure-1.5.19.RELEASE.jar;E:\maven_respon\org\springframework\boot\spring-boot-starter-logging\1.5.19.RELEASE\spring-boot-starter-logging-1.5.19.RELEASE.jar;E:\maven_respon\ch\qos\logback\logback-classic\1.1.11\logback-classic-1.1.11.jar;E:\maven_respon\ch\qos\logback\logback-core\1.1.11\logback-core-1.1.11.jar;E:\maven_respon\org\slf4j\jul-to-slf4j\1.7.25\jul-to-slf4j-1.7.25.jar;E:\maven_respon\org\slf4j\log4j-over-slf4j\1.7.25\log4j-over-slf4j-1.7.25.jar;E:\maven_respon\org\springframework\spring-core\4.3.22.RELEASE\spring-core-4.3.22.RELEASE.jar;E:\maven_respon\org\yaml\snakeyaml\1.17\snakeyaml-1.17.jar;E:\maven_respon\org\springframework\boot\spring-boot-starter-test\1.5.19.RELEASE\spring-boot-starter-test-1.5.19.RELEASE.jar;E:\maven_respon\org\springframework\boot\spring-boot-test\1.5.19.RELEASE\spring-boot-test-1.5.19.RELEASE.jar;E:\maven_respon\org\springframework\boot\spring-boot-test-autoconfigure\1.5.19.RELEASE\spring-boot-test-autoconfigure-1.5.19.RELEASE.jar;E:\maven_respon\com\jayway\jsonpath\json-path\2.2.0\json-path-2.2.0.jar;E:\maven_respon\net\minidev\json-smart\2.2.1\json-smart-2.2.1.jar;E:\maven_respon\net\minidev\accessors-smart\1.1\accessors-smart-1.1.jar;E:\maven_respon\org\ow2\asm\asm\5.0.3\asm-5.0.3.jar;E:\maven_respon\org\assertj\assertj-core\2.6.0\assertj-core-2.6.0.jar;E:\maven_respon\org\mockito\mockito-core\1.10.19\mockito-core-1.10.19.jar;E:\maven_respon\org\objenesis\objenesis\2.1\objenesis-2.1.jar;E:\maven_respon\org\hamcrest\hamcrest-library\1.3\hamcrest-library-1.3.jar;E:\maven_respon\org\skyscreamer\jsonassert\1.4.0\jsonassert-1.4.0.jar;E:\maven_respon\com\vaadin\external\google\android-json\0.0.20131108.vaadin1\android-json-0.0.20131108.vaadin1.jar;E:\maven_respon\org\springframework\spring-test\4.3.22.RELEASE\spring-test-4.3.22.RELEASE.jar;"/>
    <property name="sun.cpu.endian" value="little"/>
    <property name="user.home" value="C:\Users\xiaodell"/>
    <property name="user.language" value="zh"/>
    <property name="java.specification.vendor" value="Oracle Corporation"/>
    <property name="java.home" value="C:\Program Files\Java\jdk1.8.0_162\jre"/>
    <property name="basedir" value="C:\CODE\activitiparent\activiti-bo"/>
    <property name="file.separator" value="\"/>
    <property name="line.separator" value="&#10;"/>
    <property name="java.vm.specification.vendor" value="Oracle Corporation"/>
    <property name="java.specification.name" value="Java Platform API Specification"/>
    <property name="java.awt.graphicsenv" value="sun.awt.Win32GraphicsEnvironment"/>
    <property name="surefire.real.class.path" value="C:\Users\xiaodell\AppData\Local\Temp\surefire3822095408441212027\surefirebooter3640862527648642875.jar"/>
    <property name="sun.boot.class.path" value="C:\Program Files\Java\jdk1.8.0_162\jre\lib\resources.jar;C:\Program Files\Java\jdk1.8.0_162\jre\lib\rt.jar;C:\Program Files\Java\jdk1.8.0_162\jre\lib\sunrsasign.jar;C:\Program Files\Java\jdk1.8.0_162\jre\lib\jsse.jar;C:\Program Files\Java\jdk1.8.0_162\jre\lib\jce.jar;C:\Program Files\Java\jdk1.8.0_162\jre\lib\charsets.jar;C:\Program Files\Java\jdk1.8.0_162\jre\lib\jfr.jar;C:\Program Files\Java\jdk1.8.0_162\jre\classes"/>
    <property name="user.script" value=""/>
    <property name="sun.management.compiler" value="HotSpot 64-Bit Tiered Compilers"/>
    <property name="java.runtime.version" value="1.8.0_162-b12"/>
    <property name="user.name" value="xiaodell"/>
    <property name="path.separator" value=";"/>
    <property name="os.version" value="10.0"/>
    <property name="java.endorsed.dirs" value="C:\Program Files\Java\jdk1.8.0_162\jre\lib\endorsed"/>
    <property name="java.runtime.name" value="Java(TM) SE Runtime Environment"/>
    <property name="file.encoding" value="GBK"/>
    <property name="java.vm.name" value="Java HotSpot(TM) 64-Bit Server VM"/>
    <property name="localRepository" value="E:\maven_respon"/>
    <property name="java.vendor.url.bug" value="http://bugreport.sun.com/bugreport/"/>
    <property name="java.io.tmpdir" value="C:\Users\xiaodell\AppData\Local\Temp\"/>
    <property name="java.version" value="1.8.0_162"/>
    <property name="user.dir" value="C:\CODE\activitiparent\activiti-bo"/>
    <property name="os.arch" value="amd64"/>
    <property name="java.vm.specification.name" value="Java Virtual Machine Specification"/>
    <property name="java.awt.printerjob" value="sun.awt.windows.WPrinterJob"/>
    <property name="sun.os.patch.level" value=""/>
    <property name="idea.version2019.1.1" value="true"/>
    <property name="java.library.path" value="C:\Program Files\Java\jdk1.8.0_162\jre\bin;C:\Windows\Sun\Java\bin;C:\Windows\system32;C:\Windows;C:\ProgramData\Oracle\Java\javapath;C:\Program Files (x86)\Intel\iCLS Client\;C:\Program Files\Intel\iCLS Client\;C:\Windows\system32;C:\Windows;C:\Windows\System32\Wbem;C:\Windows\System32\WindowsPowerShell\v1.0\;C:\Program Files (x86)\Intel\Intel(R) Management Engine Components\DAL;C:\Program Files\Intel\Intel(R) Management Engine Components\DAL;C:\Program Files (x86)\Intel\Intel(R) Management Engine Components\IPT;C:\Program Files\Intel\Intel(R) Management Engine Components\IPT;E:\asSDK1\platform-tools;C:\Program Files\Java\jdk1.8.0_162\bin;C:\Windows\System32\OpenSSH\;C:\Program Files\Git\cmd;E:\Apache\apache-maven-3.6.1\bin\;E:\SVN\bin;E:\mysql-8.0.16-winx64\bin;C:\Users\xiaodell\AppData\Local\Microsoft\WindowsApps;;."/>
    <property name="java.vm.info" value="mixed mode"/>
    <property name="java.vendor" value="Oracle Corporation"/>
    <property name="java.vm.version" value="25.162-b12"/>
    <property name="java.ext.dirs" value="C:\Program Files\Java\jdk1.8.0_162\jre\lib\ext;C:\Windows\Sun\Java\lib\ext"/>
    <property name="sun.io.unicode.encoding" value="UnicodeLittle"/>
    <property name="java.class.version" value="52.0"/>
  </properties>
  <testcase name="shouldAnswerWithTrue" classname="com.lizhen.AppTest" time="0.002"/>
</testsuite>